#
# There is insufficient memory for the Java Runtime Environment to continue.
# Native memory allocation (malloc) failed to allocate 230752 bytes for Chunk::new
# Possible reasons:
#   The system is out of physical RAM or swap space
#   The process is running with CompressedOops enabled, and the Java Heap may be blocking the growth of the native heap
# Possible solutions:
#   Reduce memory load on the system
#   Increase physical memory or swap space
#   Check if swap backing store is full
#   Decrease Java heap size (-Xmx/-Xms)
#   Decrease number of Java threads
#   Decrease Java thread stack sizes (-Xss)
#   Set larger code cache with -XX:ReservedCodeCacheSize=
#   JVM is running with Zero Based Compressed Oops mode in which the Java heap is
#     placed in the first 32GB address space. The Java Heap base address is the
#     maximum limit for the native heap growth. Please use -XX:HeapBaseMinAddress
#     to set the Java Heap base and to place the Java Heap above 32GB virtual address.
# This output file may be truncated or incomplete.
#
#  Out of Memory Error (arena.cpp:189), pid=5880, tid=12940
#
# JRE version: Java(TM) SE Runtime Environment (17.0+35) (build 17+35-LTS-2724)
# Java VM: Java HotSpot(TM) 64-Bit Server VM (17+35-LTS-2724, mixed mode, sharing, tiered, compressed oops, compressed class ptrs, g1 gc, windows-amd64)
# No core dump will be written. Minidumps are not enabled by default on client versions of Windows
#

---------------  S U M M A R Y ------------

Command Line: -XX:+ShowCodeDetailsInExceptionMessages com.manamer.backend.business.sellout.SelloutApplication

Host: 11th Gen Intel(R) Core(TM) i7-1165G7 @ 2.80GHz, 8 cores, 39G,  Windows 10 , 64 bit Build 26100 (10.0.26100.7019)
Time: Wed Nov 26 13:49:01 2025 Hora est. Pacífico, Sudamérica elapsed time: 1163.853497 seconds (0d 0h 19m 23s)

---------------  T H R E A D  ---------------

Current thread (0x00000237ff7fb5d0):  JavaThread "C2 CompilerThread0" daemon [_thread_in_native, id=12940, stack(0x000000cc80700000,0x000000cc80800000)]


Current CompileTask:
C2:1163853 12419       4       com.fasterxml.jackson.databind.introspect.AnnotatedClass::resolveType (13 bytes)

Stack: [0x000000cc80700000,0x000000cc80800000]
Native frames: (J=compiled Java code, j=interpreted, Vv=VM code, C=native code)
V  [jvm.dll+0x66f8ea]
V  [jvm.dll+0x7ce224]
V  [jvm.dll+0x7cf9ce]
V  [jvm.dll+0x7d0033]
V  [jvm.dll+0x242bb5]
V  [jvm.dll+0xaa05b]
V  [jvm.dll+0xaa5ec]
V  [jvm.dll+0x35f9f7]
V  [jvm.dll+0x329f61]
V  [jvm.dll+0x32940a]
V  [jvm.dll+0x215ca1]
V  [jvm.dll+0x2150c1]
V  [jvm.dll+0x1a168d]
V  [jvm.dll+0x2248f8]
V  [jvm.dll+0x222a5c]
V  [jvm.dll+0x78422b]
V  [jvm.dll+0x77e7ea]
V  [jvm.dll+0x66e715]
C  [ucrtbase.dll+0x37b0]
C  [KERNEL32.DLL+0x2e8d7]
C  [ntdll.dll+0x8c53c]


---------------  P R O C E S S  ---------------

Threads class SMR info:
_java_thread_list=0x00000237ae5d7bc0, length=39, elements={
0x00000237ff7e29c0, 0x00000237ff7e3570, 0x00000237ff7f8b30, 0x00000237ff7f94e0,
0x00000237ff7f9e90, 0x00000237ff7fa840, 0x00000237ff7fb5d0, 0x00000237ff7fe080,
0x00000237ff7ff210, 0x00000237ff9d7c90, 0x00000237ff9de1f0, 0x00000237afbf20a0,
0x00000237afbf2570, 0x00000237afbf2a40, 0x00000237afbf33e0, 0x00000237afbf38b0,
0x00000237afbf1bd0, 0x00000237afbf2f10, 0x00000237b2b679d0, 0x00000237b2b66690,
0x00000237b2b68370, 0x00000237b2b67ea0, 0x00000237b2b66b60, 0x00000237b2b68840,
0x00000237b2b67030, 0x00000237b2b696b0, 0x00000237b2b67500, 0x00000237b2b68d10,
0x00000237b2b691e0, 0x00000237b2b661c0, 0x00000237b2b65cf0, 0x00000237b07f3eb0,
0x00000237b07f39e0, 0x00000237b07f4d20, 0x00000237b07f21d0, 0x00000237b07f4850,
0x00000237b07f26a0, 0x00000237b07f5b90, 0x00000237b07f2b70
}

Java Threads: ( => current thread )
  0x00000237ff7e29c0 JavaThread "Reference Handler" daemon [_thread_blocked, id=18716, stack(0x000000cc80100000,0x000000cc80200000)]
  0x00000237ff7e3570 JavaThread "Finalizer" daemon [_thread_blocked, id=23968, stack(0x000000cc80200000,0x000000cc80300000)]
  0x00000237ff7f8b30 JavaThread "Signal Dispatcher" daemon [_thread_blocked, id=20756, stack(0x000000cc80300000,0x000000cc80400000)]
  0x00000237ff7f94e0 JavaThread "Attach Listener" daemon [_thread_blocked, id=23792, stack(0x000000cc80400000,0x000000cc80500000)]
  0x00000237ff7f9e90 JavaThread "Service Thread" daemon [_thread_blocked, id=24024, stack(0x000000cc80500000,0x000000cc80600000)]
  0x00000237ff7fa840 JavaThread "Monitor Deflation Thread" daemon [_thread_blocked, id=23324, stack(0x000000cc80600000,0x000000cc80700000)]
=>0x00000237ff7fb5d0 JavaThread "C2 CompilerThread0" daemon [_thread_in_native, id=12940, stack(0x000000cc80700000,0x000000cc80800000)]
  0x00000237ff7fe080 JavaThread "C1 CompilerThread0" daemon [_thread_blocked, id=23212, stack(0x000000cc80800000,0x000000cc80900000)]
  0x00000237ff7ff210 JavaThread "Sweeper thread" daemon [_thread_blocked, id=25304, stack(0x000000cc80900000,0x000000cc80a00000)]
  0x00000237ff9d7c90 JavaThread "Notification Thread" daemon [_thread_blocked, id=20072, stack(0x000000cc80a00000,0x000000cc80b00000)]
  0x00000237ff9de1f0 JavaThread "Common-Cleaner" daemon [_thread_blocked, id=21960, stack(0x000000cc80c00000,0x000000cc80d00000)]
  0x00000237afbf20a0 JavaThread "Catalina-utility-1" [_thread_blocked, id=24892, stack(0x000000cc81900000,0x000000cc81a00000)]
  0x00000237afbf2570 JavaThread "Catalina-utility-2" [_thread_blocked, id=22176, stack(0x000000cc81a00000,0x000000cc81b00000)]
  0x00000237afbf2a40 JavaThread "container-0" [_thread_blocked, id=23640, stack(0x000000cc81b00000,0x000000cc81c00000)]
  0x00000237afbf33e0 JavaThread "mssql-jdbc-shared-timer-core-0" daemon [_thread_blocked, id=348, stack(0x000000cc81d00000,0x000000cc81e00000)]
  0x00000237afbf38b0 JavaThread "HikariPool-1 housekeeper" daemon [_thread_blocked, id=10152, stack(0x000000cc81e00000,0x000000cc81f00000)]
  0x00000237afbf1bd0 JavaThread "spring.cloud.inetutils" daemon [_thread_blocked, id=9104, stack(0x000000cc81f00000,0x000000cc82000000)]
  0x00000237afbf2f10 JavaThread "File Watcher" daemon [_thread_blocked, id=8636, stack(0x000000cc82100000,0x000000cc82200000)]
  0x00000237b2b679d0 JavaThread "AsyncResolver-bootstrap-0" daemon [_thread_blocked, id=9160, stack(0x000000cc82300000,0x000000cc82400000)]
  0x00000237b2b66690 JavaThread "idle-connection-evictor-1" daemon [_thread_blocked, id=18116, stack(0x000000cc82400000,0x000000cc82500000)]
  0x00000237b2b68370 JavaThread "DiscoveryClient-0" daemon [_thread_blocked, id=22588, stack(0x000000cc82500000,0x000000cc82600000)]
  0x00000237b2b67ea0 JavaThread "DiscoveryClient-1" daemon [_thread_blocked, id=25976, stack(0x000000cc82600000,0x000000cc82700000)]
  0x00000237b2b66b60 JavaThread "DiscoveryClient-InstanceInfoReplicator-0" daemon [_thread_blocked, id=26004, stack(0x000000cc82700000,0x000000cc82800000)]
  0x00000237b2b68840 JavaThread "http-nio-8091-exec-1" daemon [_thread_in_native, id=22144, stack(0x000000cc82800000,0x000000cc82900000)]
  0x00000237b2b67030 JavaThread "http-nio-8091-exec-2" daemon [_thread_blocked, id=7476, stack(0x000000cc82900000,0x000000cc82a00000)]
  0x00000237b2b696b0 JavaThread "http-nio-8091-exec-3" daemon [_thread_blocked, id=11400, stack(0x000000cc82a00000,0x000000cc82b00000)]
  0x00000237b2b67500 JavaThread "http-nio-8091-exec-4" daemon [_thread_blocked, id=25356, stack(0x000000cc82b00000,0x000000cc82c00000)]
  0x00000237b2b68d10 JavaThread "http-nio-8091-exec-5" daemon [_thread_blocked, id=18336, stack(0x000000cc82c00000,0x000000cc82d00000)]
  0x00000237b2b691e0 JavaThread "http-nio-8091-exec-6" daemon [_thread_blocked, id=24636, stack(0x000000cc82d00000,0x000000cc82e00000)]
  0x00000237b2b661c0 JavaThread "http-nio-8091-exec-7" daemon [_thread_blocked, id=25736, stack(0x000000cc82e00000,0x000000cc82f00000)]
  0x00000237b2b65cf0 JavaThread "http-nio-8091-exec-8" daemon [_thread_blocked, id=21952, stack(0x000000cc82f00000,0x000000cc83000000)]
  0x00000237b07f3eb0 JavaThread "http-nio-8091-exec-9" daemon [_thread_blocked, id=22020, stack(0x000000cc83000000,0x000000cc83100000)]
  0x00000237b07f39e0 JavaThread "http-nio-8091-exec-10" daemon [_thread_blocked, id=9212, stack(0x000000cc83100000,0x000000cc83200000)]
  0x00000237b07f4d20 JavaThread "http-nio-8091-Poller" daemon [_thread_in_native, id=22860, stack(0x000000cc83200000,0x000000cc83300000)]
  0x00000237b07f21d0 JavaThread "http-nio-8091-Acceptor" daemon [_thread_in_native, id=5704, stack(0x000000cc83300000,0x000000cc83400000)]
  0x00000237b07f4850 JavaThread "DestroyJavaVM" [_thread_blocked, id=9760, stack(0x000000ccffa00000,0x000000ccffb00000)]
  0x00000237b07f26a0 JavaThread "DiscoveryClient-CacheRefreshExecutor-0" daemon [_thread_in_native, id=17840, stack(0x000000cc81600000,0x000000cc81700000)]
  0x00000237b07f5b90 JavaThread "DiscoveryClient-HeartbeatExecutor-0" daemon [_thread_blocked, id=21280, stack(0x000000cc81700000,0x000000cc81800000)]
  0x00000237b07f2b70 JavaThread "AsyncResolver-bootstrap-executor-0" daemon [_thread_blocked, id=2924, stack(0x000000cc81500000,0x000000cc81600000)]

Other Threads:
  0x00000237ff7dc780 VMThread "VM Thread" [stack: 0x000000cc80000000,0x000000cc80100000] [id=2052]
  0x00000237ff9da580 WatcherThread [stack: 0x000000cc80b00000,0x000000cc80c00000] [id=23716]
  0x00000237fa4fe7b0 GCTaskThread "GC Thread#0" [stack: 0x000000ccffb00000,0x000000ccffc00000] [id=23708]
  0x00000237ae598170 GCTaskThread "GC Thread#1" [stack: 0x000000cc80e00000,0x000000cc80f00000] [id=21336]
  0x00000237ae598420 GCTaskThread "GC Thread#2" [stack: 0x000000cc80f00000,0x000000cc81000000] [id=22004]
  0x00000237aeb983d0 GCTaskThread "GC Thread#3" [stack: 0x000000cc81000000,0x000000cc81100000] [id=21116]
  0x00000237aeb98680 GCTaskThread "GC Thread#4" [stack: 0x000000cc81100000,0x000000cc81200000] [id=19244]
  0x00000237aeb98930 GCTaskThread "GC Thread#5" [stack: 0x000000cc81200000,0x000000cc81300000] [id=21212]
  0x00000237aeb98be0 GCTaskThread "GC Thread#6" [stack: 0x000000cc81300000,0x000000cc81400000] [id=21340]
  0x00000237aeb98e90 GCTaskThread "GC Thread#7" [stack: 0x000000cc81400000,0x000000cc81500000] [id=15444]
  0x00000237fa509790 ConcurrentGCThread "G1 Main Marker" [stack: 0x000000ccffc00000,0x000000ccffd00000] [id=13836]
  0x00000237fa50bbc0 ConcurrentGCThread "G1 Conc#0" [stack: 0x000000ccffd00000,0x000000ccffe00000] [id=3552]
  0x00000237af16dc70 ConcurrentGCThread "G1 Conc#1" [stack: 0x000000cc81800000,0x000000cc81900000] [id=22716]
  0x00000237fa52ecc0 ConcurrentGCThread "G1 Refine#0" [stack: 0x000000ccffe00000,0x000000ccfff00000] [id=12232]
  0x00000237b5495cc0 ConcurrentGCThread "G1 Refine#1" [stack: 0x000000cc82000000,0x000000cc82100000] [id=23524]
  0x00000237b5493760 ConcurrentGCThread "G1 Refine#2" [stack: 0x000000cc82200000,0x000000cc82300000] [id=13372]
  0x00000237b5492ec0 ConcurrentGCThread "G1 Refine#3" [stack: 0x000000cc83600000,0x000000cc83700000] [id=5536]
  0x00000237b5493480 ConcurrentGCThread "G1 Refine#4" [stack: 0x000000cc83700000,0x000000cc83800000] [id=3528]
  0x00000237b54942e0 ConcurrentGCThread "G1 Refine#5" [stack: 0x000000cc83500000,0x000000cc83600000] [id=25648]
  0x00000237b5494e60 ConcurrentGCThread "G1 Refine#6" [stack: 0x000000cc83400000,0x000000cc83500000] [id=4672]
  0x00000237b54945c0 ConcurrentGCThread "G1 Refine#7" [stack: 0x000000cc83a00000,0x000000cc83b00000] [id=20052]
  0x00000237ff71f610 ConcurrentGCThread "G1 Service" [stack: 0x000000ccfff00000,0x000000cd00000000] [id=9712]

Threads with active compile tasks:
C2 CompilerThread0  1163883 12419       4       com.fasterxml.jackson.databind.introspect.AnnotatedClass::resolveType (13 bytes)

VM state: not at safepoint (normal execution)

VM Mutex/Monitor currently owned by a thread: None

Heap address: 0x0000000583000000, size: 10192 MB, Compressed Oops mode: Zero based, Oop shift amount: 3

CDS archive(s) mapped at: [0x0000000800000000-0x0000000800bc0000-0x0000000800bc0000), size 12320768, SharedBaseAddress: 0x0000000800000000, ArchiveRelocationMode: 0.
Compressed class space mapped at: 0x0000000800c00000-0x0000000840c00000, reserved size: 1073741824
Narrow klass base: 0x0000000800000000, Narrow klass shift: 0, Narrow klass range: 0x100000000

GC Precious Log:
 CPUs: 8 total, 8 available
 Memory: 40743M
 Large Page Support: Disabled
 NUMA Support: Disabled
 Compressed Oops: Enabled (Zero based)
 Heap Region Size: 8M
 Heap Min Capacity: 8M
 Heap Initial Capacity: 640M
 Heap Max Capacity: 10192M
 Pre-touch: Disabled
 Parallel Workers: 8
 Concurrent Workers: 2
 Concurrent Refinement Workers: 8
 Periodic GC: Disabled

Heap:
 garbage-first heap   total 1097728K, used 553938K [0x0000000583000000, 0x0000000800000000)
  region size 8192K, 5 young (40960K), 3 survivors (24576K)
 Metaspace       used 99653K, committed 100288K, reserved 1138688K
  class space    used 13317K, committed 13632K, reserved 1048576K

Heap Regions: E=young(eden), S=young(survivor), O=old, HS=humongous(starts), HC=humongous(continues), CS=collection set, F=free, OA=open archive, CA=closed archive, TAMS=top-at-mark-start (previous, next)
|   0|0x0000000583000000, 0x0000000583800000, 0x0000000583800000|100%| O|  |TAMS 0x0000000583800000, 0x0000000583000000| Untracked 
|   1|0x0000000583800000, 0x0000000584000000, 0x0000000584000000|100%| O|  |TAMS 0x0000000584000000, 0x0000000583800000| Untracked 
|   2|0x0000000584000000, 0x0000000584800000, 0x0000000584800000|100%| O|  |TAMS 0x0000000584800000, 0x0000000584000000| Untracked 
|   3|0x0000000584800000, 0x0000000584ef6200, 0x0000000585000000| 87%| O|  |TAMS 0x0000000584ef6200, 0x0000000584800000| Untracked 
|   4|0x0000000585000000, 0x0000000585800000, 0x0000000585800000|100%| O|  |TAMS 0x0000000585800000, 0x0000000585000000| Untracked 
|   5|0x0000000585800000, 0x0000000586000000, 0x0000000586000000|100%| O|  |TAMS 0x0000000586000000, 0x0000000585800000| Untracked 
|   6|0x0000000586000000, 0x0000000586800000, 0x0000000586800000|100%| O|  |TAMS 0x0000000586800000, 0x0000000586000000| Untracked 
|   7|0x0000000586800000, 0x0000000587000000, 0x0000000587000000|100%| O|  |TAMS 0x0000000587000000, 0x0000000586800000| Untracked 
|   8|0x0000000587000000, 0x0000000587800000, 0x0000000587800000|100%| O|  |TAMS 0x0000000587800000, 0x0000000587000000| Untracked 
|   9|0x0000000587800000, 0x0000000588000000, 0x0000000588000000|100%|HS|  |TAMS 0x0000000588000000, 0x0000000587800000| Complete 
|  10|0x0000000588000000, 0x0000000588800000, 0x0000000588800000|100%|HC|  |TAMS 0x0000000588800000, 0x0000000588000000| Complete 
|  11|0x0000000588800000, 0x0000000589000000, 0x0000000589000000|100%| O|  |TAMS 0x0000000589000000, 0x0000000588800000| Untracked 
|  12|0x0000000589000000, 0x0000000589800000, 0x0000000589800000|100%|HS|  |TAMS 0x0000000589800000, 0x0000000589000000| Complete 
|  13|0x0000000589800000, 0x000000058a000000, 0x000000058a000000|100%|HC|  |TAMS 0x000000058a000000, 0x0000000589800000| Complete 
|  14|0x000000058a000000, 0x000000058a800000, 0x000000058a800000|100%| O|  |TAMS 0x000000058a800000, 0x000000058a000000| Untracked 
|  15|0x000000058a800000, 0x000000058b000000, 0x000000058b000000|100%| O|  |TAMS 0x000000058b000000, 0x000000058a800000| Untracked 
|  16|0x000000058b000000, 0x000000058b800000, 0x000000058b800000|100%| O|  |TAMS 0x000000058b800000, 0x000000058b000000| Untracked 
|  17|0x000000058b800000, 0x000000058c000000, 0x000000058c000000|100%| O|  |TAMS 0x000000058c000000, 0x000000058b800000| Untracked 
|  18|0x000000058c000000, 0x000000058c800000, 0x000000058c800000|100%| O|  |TAMS 0x000000058c800000, 0x000000058c000000| Untracked 
|  19|0x000000058c800000, 0x000000058d000000, 0x000000058d000000|100%| O|  |TAMS 0x000000058d000000, 0x000000058c800000| Untracked 
|  20|0x000000058d000000, 0x000000058d800000, 0x000000058d800000|100%| O|  |TAMS 0x000000058d800000, 0x000000058d000000| Untracked 
|  21|0x000000058d800000, 0x000000058e000000, 0x000000058e000000|100%| O|  |TAMS 0x000000058e000000, 0x000000058d800000| Untracked 
|  22|0x000000058e000000, 0x000000058e800000, 0x000000058e800000|100%| O|  |TAMS 0x000000058e800000, 0x000000058e000000| Untracked 
|  23|0x000000058e800000, 0x000000058f000000, 0x000000058f000000|100%| O|  |TAMS 0x000000058f000000, 0x000000058e800000| Untracked 
|  24|0x000000058f000000, 0x000000058f800000, 0x000000058f800000|100%| O|  |TAMS 0x000000058f800000, 0x000000058f000000| Untracked 
|  25|0x000000058f800000, 0x0000000590000000, 0x0000000590000000|100%| O|  |TAMS 0x0000000590000000, 0x000000058f800000| Untracked 
|  26|0x0000000590000000, 0x0000000590800000, 0x0000000590800000|100%| O|  |TAMS 0x0000000590800000, 0x0000000590000000| Untracked 
|  27|0x0000000590800000, 0x0000000591000000, 0x0000000591000000|100%| O|  |TAMS 0x0000000591000000, 0x0000000590800000| Untracked 
|  28|0x0000000591000000, 0x0000000591800000, 0x0000000591800000|100%| O|  |TAMS 0x0000000591800000, 0x0000000591000000| Untracked 
|  29|0x0000000591800000, 0x0000000592000000, 0x0000000592000000|100%| O|  |TAMS 0x0000000592000000, 0x0000000591800000| Untracked 
|  30|0x0000000592000000, 0x0000000592800000, 0x0000000592800000|100%| O|  |TAMS 0x0000000592800000, 0x0000000592000000| Untracked 
|  31|0x0000000592800000, 0x0000000593000000, 0x0000000593000000|100%| O|  |TAMS 0x0000000593000000, 0x0000000592800000| Untracked 
|  32|0x0000000593000000, 0x0000000593800000, 0x0000000593800000|100%| O|  |TAMS 0x0000000593800000, 0x0000000593000000| Untracked 
|  33|0x0000000593800000, 0x0000000594000000, 0x0000000594000000|100%| O|  |TAMS 0x0000000594000000, 0x0000000593800000| Untracked 
|  34|0x0000000594000000, 0x0000000594800000, 0x0000000594800000|100%| O|  |TAMS 0x0000000594800000, 0x0000000594000000| Untracked 
|  35|0x0000000594800000, 0x0000000595000000, 0x0000000595000000|100%| O|  |TAMS 0x0000000595000000, 0x0000000594800000| Untracked 
|  36|0x0000000595000000, 0x0000000595800000, 0x0000000595800000|100%| O|  |TAMS 0x00000005952f4200, 0x0000000595000000| Untracked 
|  37|0x0000000595800000, 0x0000000596000000, 0x0000000596000000|100%| O|  |TAMS 0x0000000595800000, 0x0000000595800000| Untracked 
|  38|0x0000000596000000, 0x0000000596800000, 0x0000000596800000|100%| O|  |TAMS 0x0000000596000000, 0x0000000596000000| Untracked 
|  39|0x0000000596800000, 0x0000000597000000, 0x0000000597000000|100%| O|  |TAMS 0x0000000596800000, 0x0000000596800000| Untracked 
|  40|0x0000000597000000, 0x0000000597800000, 0x0000000597800000|100%| O|  |TAMS 0x0000000597000000, 0x0000000597000000| Untracked 
|  41|0x0000000597800000, 0x0000000598000000, 0x0000000598000000|100%| O|  |TAMS 0x0000000597800000, 0x0000000597800000| Untracked 
|  42|0x0000000598000000, 0x0000000598800000, 0x0000000598800000|100%| O|  |TAMS 0x0000000598000000, 0x0000000598000000| Untracked 
|  43|0x0000000598800000, 0x0000000599000000, 0x0000000599000000|100%| O|  |TAMS 0x0000000598800000, 0x0000000598800000| Untracked 
|  44|0x0000000599000000, 0x0000000599800000, 0x0000000599800000|100%| O|  |TAMS 0x0000000599000000, 0x0000000599000000| Untracked 
|  45|0x0000000599800000, 0x000000059a000000, 0x000000059a000000|100%| O|  |TAMS 0x0000000599800000, 0x0000000599800000| Untracked 
|  46|0x000000059a000000, 0x000000059a800000, 0x000000059a800000|100%| O|  |TAMS 0x000000059a000000, 0x000000059a000000| Untracked 
|  47|0x000000059a800000, 0x000000059b000000, 0x000000059b000000|100%| O|  |TAMS 0x000000059a800000, 0x000000059a800000| Untracked 
|  48|0x000000059b000000, 0x000000059b800000, 0x000000059b800000|100%| O|  |TAMS 0x000000059b000000, 0x000000059b000000| Untracked 
|  49|0x000000059b800000, 0x000000059c000000, 0x000000059c000000|100%| O|  |TAMS 0x000000059b800000, 0x000000059b800000| Untracked 
|  50|0x000000059c000000, 0x000000059c800000, 0x000000059c800000|100%| O|  |TAMS 0x000000059c000000, 0x000000059c000000| Untracked 
|  51|0x000000059c800000, 0x000000059d000000, 0x000000059d000000|100%| O|  |TAMS 0x000000059c800000, 0x000000059c800000| Untracked 
|  52|0x000000059d000000, 0x000000059d800000, 0x000000059d800000|100%| O|  |TAMS 0x000000059d000000, 0x000000059d000000| Untracked 
|  53|0x000000059d800000, 0x000000059e000000, 0x000000059e000000|100%| O|  |TAMS 0x000000059d800000, 0x000000059d800000| Untracked 
|  54|0x000000059e000000, 0x000000059e800000, 0x000000059e800000|100%| O|  |TAMS 0x000000059e000000, 0x000000059e000000| Untracked 
|  55|0x000000059e800000, 0x000000059f000000, 0x000000059f000000|100%| O|  |TAMS 0x000000059e800000, 0x000000059e800000| Untracked 
|  56|0x000000059f000000, 0x000000059f800000, 0x000000059f800000|100%| O|  |TAMS 0x000000059f000000, 0x000000059f000000| Untracked 
|  57|0x000000059f800000, 0x00000005a0000000, 0x00000005a0000000|100%| O|  |TAMS 0x000000059f800000, 0x000000059f800000| Untracked 
|  58|0x00000005a0000000, 0x00000005a0800000, 0x00000005a0800000|100%| O|  |TAMS 0x00000005a0000000, 0x00000005a0000000| Untracked 
|  59|0x00000005a0800000, 0x00000005a1000000, 0x00000005a1000000|100%| O|  |TAMS 0x00000005a0800000, 0x00000005a0800000| Untracked 
|  60|0x00000005a1000000, 0x00000005a1800000, 0x00000005a1800000|100%| O|  |TAMS 0x00000005a1000000, 0x00000005a1000000| Untracked 
|  61|0x00000005a1800000, 0x00000005a2000000, 0x00000005a2000000|100%| O|  |TAMS 0x00000005a1800000, 0x00000005a1800000| Untracked 
|  62|0x00000005a2000000, 0x00000005a26db800, 0x00000005a2800000| 85%| O|  |TAMS 0x00000005a2000000, 0x00000005a2000000| Untracked 
|  63|0x00000005a2800000, 0x00000005a2800000, 0x00000005a3000000|  0%| F|  |TAMS 0x00000005a2800000, 0x00000005a2800000| Untracked 
|  64|0x00000005a3000000, 0x00000005a3000000, 0x00000005a3800000|  0%| F|  |TAMS 0x00000005a3000000, 0x00000005a3000000| Untracked 
|  65|0x00000005a3800000, 0x00000005a3800000, 0x00000005a4000000|  0%| F|  |TAMS 0x00000005a3800000, 0x00000005a3800000| Untracked 
|  66|0x00000005a4000000, 0x00000005a4000000, 0x00000005a4800000|  0%| F|  |TAMS 0x00000005a4000000, 0x00000005a4000000| Untracked 
|  67|0x00000005a4800000, 0x00000005a4800000, 0x00000005a5000000|  0%| F|  |TAMS 0x00000005a4800000, 0x00000005a4800000| Untracked 
|  68|0x00000005a5000000, 0x00000005a5000000, 0x00000005a5800000|  0%| F|  |TAMS 0x00000005a5000000, 0x00000005a5000000| Untracked 
|  69|0x00000005a5800000, 0x00000005a5800000, 0x00000005a6000000|  0%| F|  |TAMS 0x00000005a5800000, 0x00000005a5800000| Untracked 
|  70|0x00000005a6000000, 0x00000005a6000000, 0x00000005a6800000|  0%| F|  |TAMS 0x00000005a6000000, 0x00000005a6000000| Untracked 
|  71|0x00000005a6800000, 0x00000005a6800000, 0x00000005a7000000|  0%| F|  |TAMS 0x00000005a6800000, 0x00000005a6800000| Untracked 
|  72|0x00000005a7000000, 0x00000005a7000000, 0x00000005a7800000|  0%| F|  |TAMS 0x00000005a7000000, 0x00000005a7000000| Untracked 
|  73|0x00000005a7800000, 0x00000005a7800000, 0x00000005a8000000|  0%| F|  |TAMS 0x00000005a7800000, 0x00000005a7800000| Untracked 
|  74|0x00000005a8000000, 0x00000005a8000000, 0x00000005a8800000|  0%| F|  |TAMS 0x00000005a8000000, 0x00000005a8000000| Untracked 
|  75|0x00000005a8800000, 0x00000005a8800000, 0x00000005a9000000|  0%| F|  |TAMS 0x00000005a8800000, 0x00000005a8800000| Untracked 
|  76|0x00000005a9000000, 0x00000005a9000000, 0x00000005a9800000|  0%| F|  |TAMS 0x00000005a9000000, 0x00000005a9000000| Untracked 
|  77|0x00000005a9800000, 0x00000005a9800000, 0x00000005aa000000|  0%| F|  |TAMS 0x00000005a9800000, 0x00000005a9800000| Untracked 
|  78|0x00000005aa000000, 0x00000005aa000000, 0x00000005aa800000|  0%| F|  |TAMS 0x00000005aa000000, 0x00000005aa000000| Untracked 
|  79|0x00000005aa800000, 0x00000005aa800000, 0x00000005ab000000|  0%| F|  |TAMS 0x00000005aa800000, 0x00000005aa800000| Untracked 
|  80|0x00000005ab000000, 0x00000005ab000000, 0x00000005ab800000|  0%| F|  |TAMS 0x00000005ab000000, 0x00000005ab000000| Untracked 
|  81|0x00000005ab800000, 0x00000005ab800000, 0x00000005ac000000|  0%| F|  |TAMS 0x00000005ab800000, 0x00000005ab800000| Untracked 
|  82|0x00000005ac000000, 0x00000005ac000000, 0x00000005ac800000|  0%| F|  |TAMS 0x00000005ac000000, 0x00000005ac000000| Untracked 
|  83|0x00000005ac800000, 0x00000005ac800000, 0x00000005ad000000|  0%| F|  |TAMS 0x00000005ac800000, 0x00000005ac800000| Untracked 
|  84|0x00000005ad000000, 0x00000005ad000000, 0x00000005ad800000|  0%| F|  |TAMS 0x00000005ad000000, 0x00000005ad000000| Untracked 
|  85|0x00000005ad800000, 0x00000005ad800000, 0x00000005ae000000|  0%| F|  |TAMS 0x00000005ad800000, 0x00000005ad800000| Untracked 
|  86|0x00000005ae000000, 0x00000005ae000000, 0x00000005ae800000|  0%| F|  |TAMS 0x00000005ae000000, 0x00000005ae000000| Untracked 
|  87|0x00000005ae800000, 0x00000005ae800000, 0x00000005af000000|  0%| F|  |TAMS 0x00000005ae800000, 0x00000005ae800000| Untracked 
|  88|0x00000005af000000, 0x00000005af000000, 0x00000005af800000|  0%| F|  |TAMS 0x00000005af000000, 0x00000005af000000| Untracked 
|  89|0x00000005af800000, 0x00000005af800000, 0x00000005b0000000|  0%| F|  |TAMS 0x00000005af800000, 0x00000005af800000| Untracked 
|  90|0x00000005b0000000, 0x00000005b0000000, 0x00000005b0800000|  0%| F|  |TAMS 0x00000005b0000000, 0x00000005b0000000| Untracked 
|  91|0x00000005b0800000, 0x00000005b0800000, 0x00000005b1000000|  0%| F|  |TAMS 0x00000005b0800000, 0x00000005b0800000| Untracked 
|  92|0x00000005b1000000, 0x00000005b1000000, 0x00000005b1800000|  0%| F|  |TAMS 0x00000005b1000000, 0x00000005b1000000| Untracked 
|  93|0x00000005b1800000, 0x00000005b1800000, 0x00000005b2000000|  0%| F|  |TAMS 0x00000005b1800000, 0x00000005b1800000| Untracked 
|  94|0x00000005b2000000, 0x00000005b2000000, 0x00000005b2800000|  0%| F|  |TAMS 0x00000005b2000000, 0x00000005b2000000| Untracked 
|  95|0x00000005b2800000, 0x00000005b2800000, 0x00000005b3000000|  0%| F|  |TAMS 0x00000005b2800000, 0x00000005b2800000| Untracked 
|  96|0x00000005b3000000, 0x00000005b3000000, 0x00000005b3800000|  0%| F|  |TAMS 0x00000005b3000000, 0x00000005b3000000| Untracked 
|  97|0x00000005b3800000, 0x00000005b3800000, 0x00000005b4000000|  0%| F|  |TAMS 0x00000005b3800000, 0x00000005b3800000| Untracked 
|  98|0x00000005b4000000, 0x00000005b4000000, 0x00000005b4800000|  0%| F|  |TAMS 0x00000005b4000000, 0x00000005b4000000| Untracked 
|  99|0x00000005b4800000, 0x00000005b4800000, 0x00000005b5000000|  0%| F|  |TAMS 0x00000005b4800000, 0x00000005b4800000| Untracked 
| 100|0x00000005b5000000, 0x00000005b5000000, 0x00000005b5800000|  0%| F|  |TAMS 0x00000005b5000000, 0x00000005b5000000| Untracked 
| 101|0x00000005b5800000, 0x00000005b5800000, 0x00000005b6000000|  0%| F|  |TAMS 0x00000005b5800000, 0x00000005b5800000| Untracked 
| 102|0x00000005b6000000, 0x00000005b6000000, 0x00000005b6800000|  0%| F|  |TAMS 0x00000005b6000000, 0x00000005b6000000| Untracked 
| 103|0x00000005b6800000, 0x00000005b6800000, 0x00000005b7000000|  0%| F|  |TAMS 0x00000005b6800000, 0x00000005b6800000| Untracked 
| 104|0x00000005b7000000, 0x00000005b7722e50, 0x00000005b7800000| 89%| S|CS|TAMS 0x00000005b7000000, 0x00000005b7000000| Complete 
| 105|0x00000005b7800000, 0x00000005b8000000, 0x00000005b8000000|100%| S|CS|TAMS 0x00000005b7800000, 0x00000005b7800000| Complete 
| 106|0x00000005b8000000, 0x00000005b8800000, 0x00000005b8800000|100%| S|CS|TAMS 0x00000005b8000000, 0x00000005b8000000| Complete 
| 107|0x00000005b8800000, 0x00000005b8800000, 0x00000005b9000000|  0%| F|  |TAMS 0x00000005b8800000, 0x00000005b8800000| Untracked 
| 108|0x00000005b9000000, 0x00000005b9000000, 0x00000005b9800000|  0%| F|  |TAMS 0x00000005b9000000, 0x00000005b9000000| Untracked 
| 109|0x00000005b9800000, 0x00000005b9800000, 0x00000005ba000000|  0%| F|  |TAMS 0x00000005b9800000, 0x00000005b9800000| Untracked 
| 110|0x00000005ba000000, 0x00000005ba000000, 0x00000005ba800000|  0%| F|  |TAMS 0x00000005ba000000, 0x00000005ba000000| Untracked 
| 111|0x00000005ba800000, 0x00000005ba800000, 0x00000005bb000000|  0%| F|  |TAMS 0x00000005ba800000, 0x00000005ba800000| Untracked 
| 112|0x00000005bb000000, 0x00000005bb000000, 0x00000005bb800000|  0%| F|  |TAMS 0x00000005bb000000, 0x00000005bb000000| Untracked 
| 113|0x00000005bb800000, 0x00000005bb800000, 0x00000005bc000000|  0%| F|  |TAMS 0x00000005bb800000, 0x00000005bb800000| Untracked 
| 114|0x00000005bc000000, 0x00000005bc000000, 0x00000005bc800000|  0%| F|  |TAMS 0x00000005bc000000, 0x00000005bc000000| Untracked 
| 115|0x00000005bc800000, 0x00000005bc800000, 0x00000005bd000000|  0%| F|  |TAMS 0x00000005bc800000, 0x00000005bc800000| Untracked 
| 116|0x00000005bd000000, 0x00000005bd000000, 0x00000005bd800000|  0%| F|  |TAMS 0x00000005bd000000, 0x00000005bd000000| Untracked 
| 117|0x00000005bd800000, 0x00000005bd800000, 0x00000005be000000|  0%| F|  |TAMS 0x00000005bd800000, 0x00000005bd800000| Untracked 
| 118|0x00000005be000000, 0x00000005be000000, 0x00000005be800000|  0%| F|  |TAMS 0x00000005be000000, 0x00000005be000000| Untracked 
| 119|0x00000005be800000, 0x00000005be800000, 0x00000005bf000000|  0%| F|  |TAMS 0x00000005be800000, 0x00000005be800000| Untracked 
| 120|0x00000005bf000000, 0x00000005bf000000, 0x00000005bf800000|  0%| F|  |TAMS 0x00000005bf000000, 0x00000005bf000000| Untracked 
| 121|0x00000005bf800000, 0x00000005bf800000, 0x00000005c0000000|  0%| F|  |TAMS 0x00000005bf800000, 0x00000005bf800000| Untracked 
| 122|0x00000005c0000000, 0x00000005c0000000, 0x00000005c0800000|  0%| F|  |TAMS 0x00000005c0000000, 0x00000005c0000000| Untracked 
| 123|0x00000005c0800000, 0x00000005c0800000, 0x00000005c1000000|  0%| F|  |TAMS 0x00000005c0800000, 0x00000005c0800000| Untracked 
| 124|0x00000005c1000000, 0x00000005c1000000, 0x00000005c1800000|  0%| F|  |TAMS 0x00000005c1000000, 0x00000005c1000000| Untracked 
| 125|0x00000005c1800000, 0x00000005c1800000, 0x00000005c2000000|  0%| F|  |TAMS 0x00000005c1800000, 0x00000005c1800000| Untracked 
| 126|0x00000005c2000000, 0x00000005c2000000, 0x00000005c2800000|  0%| F|  |TAMS 0x00000005c2000000, 0x00000005c2000000| Untracked 
| 127|0x00000005c2800000, 0x00000005c2800000, 0x00000005c3000000|  0%| F|  |TAMS 0x00000005c2800000, 0x00000005c2800000| Untracked 
| 128|0x00000005c3000000, 0x00000005c3000000, 0x00000005c3800000|  0%| F|  |TAMS 0x00000005c3000000, 0x00000005c3000000| Untracked 
| 129|0x00000005c3800000, 0x00000005c3800000, 0x00000005c4000000|  0%| F|  |TAMS 0x00000005c3800000, 0x00000005c3800000| Untracked 
| 130|0x00000005c4000000, 0x00000005c4000000, 0x00000005c4800000|  0%| F|  |TAMS 0x00000005c4000000, 0x00000005c4000000| Untracked 
| 131|0x00000005c4800000, 0x00000005c4ca3ae0, 0x00000005c5000000| 57%| E|  |TAMS 0x00000005c4800000, 0x00000005c4800000| Complete 
| 132|0x00000005c5000000, 0x00000005c5800000, 0x00000005c5800000|100%| E|CS|TAMS 0x00000005c5000000, 0x00000005c5000000| Complete 
|1273|0x00000007ff800000, 0x0000000800000000, 0x0000000800000000|100%| O|  |TAMS 0x0000000800000000, 0x00000007ff800000| Untracked 

Card table byte_map: [0x00000237fd9c0000,0x00000237fedb0000] _byte_map_base: 0x00000237fada8000

Marking Bits (Prev, Next): (CMBitMap*) 0x00000237fa4fedc0, (CMBitMap*) 0x00000237fa4fee00
 Prev Bits: [0x0000023797b20000, 0x00000237a1a60000)
 Next Bits: [0x00000237a1a60000, 0x00000237ab9a0000)

Polling page: 0x00000237fa180000

Metaspace:

Usage:
  Non-class:     84.31 MB used.
      Class:     13.01 MB used.
       Both:     97.32 MB used.

Virtual space:
  Non-class space:       88.00 MB reserved,      84.62 MB ( 96%) committed,  11 nodes.
      Class space:        1.00 GB reserved,      13.31 MB (  1%) committed,  1 nodes.
             Both:        1.09 GB reserved,      97.94 MB (  9%) committed. 

Chunk freelists:
   Non-Class:  3.06 MB
       Class:  2.73 MB
        Both:  5.79 MB

MaxMetaspaceSize: unlimited
CompressedClassSpaceSize: 1.00 GB
Initial GC threshold: 21.00 MB
Current GC threshold: 158.75 MB
CDS: on
MetaspaceReclaimPolicy: balanced
 - commit_granule_bytes: 65536.
 - commit_granule_words: 8192.
 - virtual_space_node_default_size: 1048576.
 - enlarge_chunks_in_place: 1.
 - new_chunks_are_fully_committed: 0.
 - uncommit_free_chunks: 1.
 - use_allocation_guard: 0.
 - handle_deallocations: 1.


Internal statistics:

num_allocs_failed_limit: 9.
num_arena_births: 986.
num_arena_deaths: 8.
num_vsnodes_births: 12.
num_vsnodes_deaths: 0.
num_space_committed: 1567.
num_space_uncommitted: 0.
num_chunks_returned_to_freelist: 21.
num_chunks_taken_from_freelist: 4580.
num_chunk_merges: 6.
num_chunk_splits: 3290.
num_chunks_enlarged: 2556.
num_purges: 2.
num_inconsistent_stats: 0.

CodeHeap 'non-profiled nmethods': size=120000Kb used=7974Kb max_used=7974Kb free=112025Kb
 bounds [0x000002378f200000, 0x000002378f9d0000, 0x0000023796730000]
CodeHeap 'profiled nmethods': size=120000Kb used=19496Kb max_used=19496Kb free=100504Kb
 bounds [0x0000023787cd0000, 0x0000023788fe0000, 0x000002378f200000]
CodeHeap 'non-nmethods': size=5760Kb used=1429Kb max_used=1507Kb free=4331Kb
 bounds [0x0000023787730000, 0x00000237879a0000, 0x0000023787cd0000]
 total_blobs=10724 nmethods=9955 adapters=677
 compilation: enabled
              stopped_count=0, restarted_count=0
 full_count=0

Compilation events (20 events):
Event: 1161.817 Thread 0x00000237ff7fe080 12415       3       com.fasterxml.jackson.databind.util.ArrayBuilders::insertInListNoDup (126 bytes)
Event: 1161.818 Thread 0x00000237ff7fe080 nmethod 12415 0x0000023788fbae10 code [0x0000023788fbb0a0, 0x0000023788fbc148]
Event: 1161.818 Thread 0x00000237ff7fe080 12416       3       com.fasterxml.jackson.databind.cfg.MapperConfigBase::<init> (71 bytes)
Event: 1161.818 Thread 0x00000237ff7fe080 nmethod 12416 0x0000023788fbc590 code [0x0000023788fbc760, 0x0000023788fbccf8]
Event: 1161.819 Thread 0x00000237ff7fe080 12417       3       com.fasterxml.jackson.databind.cfg.MapperConfig::<init> (18 bytes)
Event: 1161.819 Thread 0x00000237ff7fe080 nmethod 12417 0x0000023788fbce10 code [0x0000023788fbcfa0, 0x0000023788fbd178]
Event: 1161.819 Thread 0x00000237ff7fe080 12418       3       com.fasterxml.jackson.databind.introspect.BasicBeanDescription::_properties (23 bytes)
Event: 1161.819 Thread 0x00000237ff7fe080 nmethod 12418 0x0000023788fbd290 code [0x0000023788fbd4a0, 0x0000023788fbdc18]
Event: 1161.819 Thread 0x00000237ff7fb5d0 12419       4       com.fasterxml.jackson.databind.introspect.AnnotatedClass::resolveType (13 bytes)
Event: 1161.820 Thread 0x00000237ff7fe080 12420       3       com.fasterxml.jackson.databind.introspect.POJOPropertiesCollector::_renameProperties (254 bytes)
Event: 1161.821 Thread 0x00000237ff7fe080 nmethod 12420 0x0000023788fbde90 code [0x0000023788fbe2a0, 0x0000023788fc0428]
Event: 1161.821 Thread 0x00000237ff7fe080 12422       1       com.fasterxml.jackson.annotation.JsonTypeInfo$Value::getIdType (5 bytes)
Event: 1161.822 Thread 0x00000237ff7fe080 nmethod 12422 0x000002378f9c7290 code [0x000002378f9c7420, 0x000002378f9c74f8]
Event: 1161.822 Thread 0x00000237ff7fe080 12421       3       com.fasterxml.jackson.databind.deser.impl.CreatorCollector::_fixAccess (27 bytes)
Event: 1161.822 Thread 0x00000237ff7fe080 nmethod 12421 0x0000023788fc0d90 code [0x0000023788fc0f60, 0x0000023788fc12f8]
Event: 1161.822 Thread 0x00000237ff7fe080 12423       1       com.fasterxml.jackson.annotation.JsonTypeInfo$Value::getInclusionType (5 bytes)
Event: 1161.822 Thread 0x00000237ff7fe080 nmethod 12423 0x000002378f9c7590 code [0x000002378f9c7720, 0x000002378f9c77f8]
Event: 1161.822 Thread 0x00000237ff7fe080 12424       1       com.fasterxml.jackson.annotation.JsonTypeInfo$Value::getDefaultImpl (5 bytes)
Event: 1161.822 Thread 0x00000237ff7fe080 nmethod 12424 0x000002378f9c7890 code [0x000002378f9c7a20, 0x000002378f9c7af8]
Event: 1161.823 Thread 0x00000237ff7fe080 12426       3       com.fasterxml.jackson.databind.deser.BeanDeserializerFactory::addBeanProps (862 bytes)

GC Heap History (20 events):
Event: 92.891 GC heap before
{Heap before GC invocations=27 (full 0):
 garbage-first heap   total 278528K, used 200607K [0x0000000583000000, 0x0000000800000000)
  region size 8192K, 3 young (24576K), 1 survivors (8192K)
 Metaspace       used 96179K, committed 96768K, reserved 1138688K
  class space    used 13027K, committed 13312K, reserved 1048576K
}
Event: 92.906 GC heap after
{Heap after GC invocations=28 (full 0):
 garbage-first heap   total 278528K, used 197653K [0x0000000583000000, 0x0000000800000000)
  region size 8192K, 1 young (8192K), 1 survivors (8192K)
 Metaspace       used 96179K, committed 96768K, reserved 1138688K
  class space    used 13027K, committed 13312K, reserved 1048576K
}
Event: 92.997 GC heap before
{Heap before GC invocations=28 (full 0):
 garbage-first heap   total 278528K, used 205845K [0x0000000583000000, 0x0000000800000000)
  region size 8192K, 2 young (16384K), 1 survivors (8192K)
 Metaspace       used 96182K, committed 96768K, reserved 1138688K
  class space    used 13027K, committed 13312K, reserved 1048576K
}
Event: 93.009 GC heap after
{Heap after GC invocations=29 (full 0):
 garbage-first heap   total 483328K, used 205547K [0x0000000583000000, 0x0000000800000000)
  region size 8192K, 1 young (8192K), 1 survivors (8192K)
 Metaspace       used 96182K, committed 96768K, reserved 1138688K
  class space    used 13027K, committed 13312K, reserved 1048576K
}
Event: 93.516 GC heap before
{Heap before GC invocations=30 (full 0):
 garbage-first heap   total 483328K, used 287467K [0x0000000583000000, 0x0000000800000000)
  region size 8192K, 11 young (90112K), 1 survivors (8192K)
 Metaspace       used 96187K, committed 96768K, reserved 1138688K
  class space    used 13030K, committed 13312K, reserved 1048576K
}
Event: 93.557 GC heap after
{Heap after GC invocations=31 (full 0):
 garbage-first heap   total 483328K, used 264633K [0x0000000583000000, 0x0000000800000000)
  region size 8192K, 2 young (16384K), 2 survivors (16384K)
 Metaspace       used 96187K, committed 96768K, reserved 1138688K
  class space    used 13030K, committed 13312K, reserved 1048576K
}
Event: 94.187 GC heap before
{Heap before GC invocations=31 (full 0):
 garbage-first heap   total 483328K, used 321977K [0x0000000583000000, 0x0000000800000000)
  region size 8192K, 9 young (73728K), 2 survivors (16384K)
 Metaspace       used 96693K, committed 97344K, reserved 1138688K
  class space    used 13080K, committed 13376K, reserved 1048576K
}
Event: 94.227 GC heap after
{Heap after GC invocations=32 (full 0):
 garbage-first heap   total 483328K, used 284545K [0x0000000583000000, 0x0000000800000000)
  region size 8192K, 2 young (16384K), 2 survivors (16384K)
 Metaspace       used 96693K, committed 97344K, reserved 1138688K
  class space    used 13080K, committed 13376K, reserved 1048576K
}
Event: 94.633 GC heap before
{Heap before GC invocations=32 (full 0):
 garbage-first heap   total 548864K, used 333697K [0x0000000583000000, 0x0000000800000000)
  region size 8192K, 8 young (65536K), 2 survivors (16384K)
 Metaspace       used 96695K, committed 97344K, reserved 1138688K
  class space    used 13080K, committed 13376K, reserved 1048576K
}
Event: 94.682 GC heap after
{Heap after GC invocations=33 (full 0):
 garbage-first heap   total 548864K, used 298666K [0x0000000583000000, 0x0000000800000000)
  region size 8192K, 1 young (8192K), 1 survivors (8192K)
 Metaspace       used 96695K, committed 97344K, reserved 1138688K
  class space    used 13080K, committed 13376K, reserved 1048576K
}
Event: 95.020 GC heap before
{Heap before GC invocations=34 (full 0):
 garbage-first heap   total 548864K, used 372394K [0x0000000583000000, 0x0000000800000000)
  region size 8192K, 10 young (81920K), 1 survivors (8192K)
 Metaspace       used 96701K, committed 97344K, reserved 1138688K
  class space    used 13081K, committed 13376K, reserved 1048576K
}
Event: 95.061 GC heap after
{Heap after GC invocations=35 (full 0):
 garbage-first heap   total 548864K, used 321449K [0x0000000583000000, 0x0000000800000000)
  region size 8192K, 2 young (16384K), 2 survivors (16384K)
 Metaspace       used 96701K, committed 97344K, reserved 1138688K
  class space    used 13081K, committed 13376K, reserved 1048576K
}
Event: 95.389 GC heap before
{Heap before GC invocations=35 (full 0):
 garbage-first heap   total 548864K, used 386985K [0x0000000583000000, 0x0000000800000000)
  region size 8192K, 10 young (81920K), 2 survivors (16384K)
 Metaspace       used 96887K, committed 97536K, reserved 1138688K
  class space    used 13117K, committed 13440K, reserved 1048576K
}
Event: 95.441 GC heap after
{Heap after GC invocations=36 (full 0):
 garbage-first heap   total 548864K, used 356967K [0x0000000583000000, 0x0000000800000000)
  region size 8192K, 2 young (16384K), 2 survivors (16384K)
 Metaspace       used 96887K, committed 97536K, reserved 1138688K
  class space    used 13117K, committed 13440K, reserved 1048576K
}
Event: 95.778 GC heap before
{Heap before GC invocations=36 (full 0):
 garbage-first heap   total 548864K, used 406119K [0x0000000583000000, 0x0000000800000000)
  region size 8192K, 8 young (65536K), 2 survivors (16384K)
 Metaspace       used 96887K, committed 97536K, reserved 1138688K
  class space    used 13117K, committed 13440K, reserved 1048576K
}
Event: 95.828 GC heap after
{Heap after GC invocations=37 (full 0):
 garbage-first heap   total 1097728K, used 395742K [0x0000000583000000, 0x0000000800000000)
  region size 8192K, 1 young (8192K), 1 survivors (8192K)
 Metaspace       used 96887K, committed 97536K, reserved 1138688K
  class space    used 13117K, committed 13440K, reserved 1048576K
}
Event: 97.172 GC heap before
{Heap before GC invocations=38 (full 0):
 garbage-first heap   total 1097728K, used 666078K [0x0000000583000000, 0x0000000800000000)
  region size 8192K, 34 young (278528K), 1 survivors (8192K)
 Metaspace       used 96894K, committed 97536K, reserved 1138688K
  class space    used 13117K, committed 13440K, reserved 1048576K
}
Event: 97.275 GC heap after
{Heap after GC invocations=39 (full 0):
 garbage-first heap   total 1097728K, used 513814K [0x0000000583000000, 0x0000000800000000)
  region size 8192K, 5 young (40960K), 5 survivors (40960K)
 Metaspace       used 96894K, committed 97536K, reserved 1138688K
  class space    used 13117K, committed 13440K, reserved 1048576K
}
Event: 1071.757 GC heap before
{Heap before GC invocations=39 (full 0):
 garbage-first heap   total 1097728K, used 726806K [0x0000000583000000, 0x0000000800000000)
  region size 8192K, 31 young (253952K), 5 survivors (40960K)
 Metaspace       used 99489K, committed 100160K, reserved 1138688K
  class space    used 13317K, committed 13632K, reserved 1048576K
}
Event: 1071.848 GC heap after
{Heap after GC invocations=40 (full 0):
 garbage-first heap   total 1097728K, used 545746K [0x0000000583000000, 0x0000000800000000)
  region size 8192K, 3 young (24576K), 3 survivors (24576K)
 Metaspace       used 99489K, committed 100160K, reserved 1138688K
  class space    used 13317K, committed 13632K, reserved 1048576K
}

Deoptimization events (20 events):
Event: 218.635 Thread 0x00000237afbf38b0 Uncommon trap: trap_request=0xffffff45 fr.pc=0x000002378f812174 relative=0x00000000000008f4
Event: 218.635 Thread 0x00000237afbf38b0 Uncommon trap: reason=unstable_if action=reinterpret pc=0x000002378f812174 method=java.time.LocalTime.create(IIII)Ljava/time/LocalTime; @ 5 c2
Event: 218.635 Thread 0x00000237afbf38b0 DEOPT PACKING pc=0x000002378f812174 sp=0x000000cc81efe6e0
Event: 218.636 Thread 0x00000237afbf38b0 DEOPT UNPACKING pc=0x0000023787785c23 sp=0x000000cc81efe4c8 mode 2
Event: 681.356 Thread 0x00000237b07f5b90 Uncommon trap: trap_request=0xffffffc6 fr.pc=0x000002378f3f32ac relative=0x000000000000096c
Event: 681.356 Thread 0x00000237b07f5b90 Uncommon trap: reason=bimorphic_or_optimized_type_check action=maybe_recompile pc=0x000002378f3f32ac method=java.util.concurrent.ConcurrentHashMap.replaceNode(Ljava/lang/Object;Ljava/lang/Object;Ljava/lang/Object;)Ljava/lang/Object; @ 147 c2
Event: 681.356 Thread 0x00000237b07f5b90 DEOPT PACKING pc=0x000002378f3f32ac sp=0x000000cc817ff050
Event: 681.356 Thread 0x00000237b07f5b90 DEOPT UNPACKING pc=0x0000023787785c23 sp=0x000000cc817fefc8 mode 2
Event: 681.356 Thread 0x00000237b07f5b90 Uncommon trap: trap_request=0xffffffc6 fr.pc=0x000002378f3f32ac relative=0x000000000000096c
Event: 681.356 Thread 0x00000237b07f5b90 Uncommon trap: reason=bimorphic_or_optimized_type_check action=maybe_recompile pc=0x000002378f3f32ac method=java.util.concurrent.ConcurrentHashMap.replaceNode(Ljava/lang/Object;Ljava/lang/Object;Ljava/lang/Object;)Ljava/lang/Object; @ 147 c2
Event: 681.356 Thread 0x00000237b07f5b90 DEOPT PACKING pc=0x000002378f3f32ac sp=0x000000cc817ff050
Event: 681.356 Thread 0x00000237b07f5b90 DEOPT UNPACKING pc=0x0000023787785c23 sp=0x000000cc817fefc8 mode 2
Event: 981.535 Thread 0x00000237b07f26a0 Uncommon trap: trap_request=0xffffff45 fr.pc=0x000002378f8318f0 relative=0x0000000000001530
Event: 981.535 Thread 0x00000237b07f26a0 Uncommon trap: reason=unstable_if action=reinterpret pc=0x000002378f8318f0 method=java.lang.Class.getMethod0(Ljava/lang/String;[Ljava/lang/Class;)Ljava/lang/reflect/Method; @ 3 c2
Event: 981.535 Thread 0x00000237b07f26a0 DEOPT PACKING pc=0x000002378f8318f0 sp=0x000000cc816fe250
Event: 981.535 Thread 0x00000237b07f26a0 DEOPT UNPACKING pc=0x0000023787785c23 sp=0x000000cc816fe1b8 mode 2
Event: 1041.645 Thread 0x00000237b07f5b90 Uncommon trap: trap_request=0xffffff45 fr.pc=0x000002378f39e384 relative=0x00000000000007a4
Event: 1041.645 Thread 0x00000237b07f5b90 Uncommon trap: reason=unstable_if action=reinterpret pc=0x000002378f39e384 method=java.util.WeakHashMap.remove(Ljava/lang/Object;)Ljava/lang/Object; @ 92 c2
Event: 1041.645 Thread 0x00000237b07f5b90 DEOPT PACKING pc=0x000002378f39e384 sp=0x000000cc817fea70
Event: 1041.645 Thread 0x00000237b07f5b90 DEOPT UNPACKING pc=0x0000023787785c23 sp=0x000000cc817fe9b8 mode 2

Classes unloaded (4 events):
Event: 90.189 Thread 0x00000237ff7dc780 Unloading class 0x0000000801620c00 'jdk/internal/reflect/GeneratedSerializationConstructorAccessor6'
Event: 90.189 Thread 0x00000237ff7dc780 Unloading class 0x0000000801620000 'jdk/internal/reflect/GeneratedSerializationConstructorAccessor5'
Event: 90.189 Thread 0x00000237ff7dc780 Unloading class 0x000000080161c000 'jdk/internal/reflect/GeneratedSerializationConstructorAccessor4'
Event: 90.189 Thread 0x00000237ff7dc780 Unloading class 0x0000000801549800 'jdk/internal/reflect/GeneratedSerializationConstructorAccessor3'

Classes redefined (0 events):
No events

Internal exceptions (20 events):
Event: 1071.755 Thread 0x00000237b07f26a0 Exception <a 'java/net/ConnectException'{0x00000005b8ef32f0}: Connection refused: no further information> (0x00000005b8ef32f0) 
thrown [t:\workspace\open\src\hotspot\share\prims\jni.cpp, line 535]
Event: 1071.756 Thread 0x00000237b07f26a0 Exception <a 'java/net/SocketException'{0x00000005b8ef38d0}: Socket is not connected: shutdown> (0x00000005b8ef38d0) 
thrown [t:\workspace\open\src\hotspot\share\prims\jni.cpp, line 535]
Event: 1101.784 Thread 0x00000237b07f5b90 Exception <a 'java/net/ConnectException'{0x00000005c54a25a8}: Connection refused: no further information> (0x00000005c54a25a8) 
thrown [t:\workspace\open\src\hotspot\share\prims\jni.cpp, line 535]
Event: 1101.784 Thread 0x00000237b07f5b90 Exception <a 'java/net/SocketException'{0x00000005c54a2b88}: Socket is not connected: shutdown> (0x00000005c54a2b88) 
thrown [t:\workspace\open\src\hotspot\share\prims\jni.cpp, line 535]
Event: 1101.785 Thread 0x00000237b07f5b90 Exception <a 'java/net/ConnectException'{0x00000005c54a3f90}: Connection refused: no further information> (0x00000005c54a3f90) 
thrown [t:\workspace\open\src\hotspot\share\prims\jni.cpp, line 535]
Event: 1101.785 Thread 0x00000237b07f5b90 Exception <a 'java/net/SocketException'{0x00000005c54a4570}: Socket is not connected: shutdown> (0x00000005c54a4570) 
thrown [t:\workspace\open\src\hotspot\share\prims\jni.cpp, line 535]
Event: 1101.900 Thread 0x00000237b07f26a0 Exception <a 'java/net/ConnectException'{0x00000005c55ba140}: Connection refused: no further information> (0x00000005c55ba140) 
thrown [t:\workspace\open\src\hotspot\share\prims\jni.cpp, line 535]
Event: 1101.900 Thread 0x00000237b07f26a0 Exception <a 'java/net/SocketException'{0x00000005c55ba720}: Socket is not connected: shutdown> (0x00000005c55ba720) 
thrown [t:\workspace\open\src\hotspot\share\prims\jni.cpp, line 535]
Event: 1101.901 Thread 0x00000237b07f26a0 Exception <a 'java/net/ConnectException'{0x00000005c55bbb28}: Connection refused: no further information> (0x00000005c55bbb28) 
thrown [t:\workspace\open\src\hotspot\share\prims\jni.cpp, line 535]
Event: 1101.901 Thread 0x00000237b07f26a0 Exception <a 'java/net/SocketException'{0x00000005c55bc108}: Socket is not connected: shutdown> (0x00000005c55bc108) 
thrown [t:\workspace\open\src\hotspot\share\prims\jni.cpp, line 535]
Event: 1131.806 Thread 0x00000237b07f5b90 Exception <a 'java/net/ConnectException'{0x00000005c57cec90}: Connection refused: no further information> (0x00000005c57cec90) 
thrown [t:\workspace\open\src\hotspot\share\prims\jni.cpp, line 535]
Event: 1131.806 Thread 0x00000237b07f5b90 Exception <a 'java/net/SocketException'{0x00000005c57cf270}: Socket is not connected: shutdown> (0x00000005c57cf270) 
thrown [t:\workspace\open\src\hotspot\share\prims\jni.cpp, line 535]
Event: 1131.807 Thread 0x00000237b07f5b90 Exception <a 'java/net/ConnectException'{0x00000005c57d0678}: Connection refused: no further information> (0x00000005c57d0678) 
thrown [t:\workspace\open\src\hotspot\share\prims\jni.cpp, line 535]
Event: 1131.807 Thread 0x00000237b07f5b90 Exception <a 'java/net/SocketException'{0x00000005c57d0c58}: Socket is not connected: shutdown> (0x00000005c57d0c58) 
thrown [t:\workspace\open\src\hotspot\share\prims\jni.cpp, line 535]
Event: 1131.931 Thread 0x00000237b07f26a0 Exception <a 'java/net/ConnectException'{0x00000005c492cac8}: Connection refused: no further information> (0x00000005c492cac8) 
thrown [t:\workspace\open\src\hotspot\share\prims\jni.cpp, line 535]
Event: 1131.931 Thread 0x00000237b07f26a0 Exception <a 'java/net/SocketException'{0x00000005c492d0a8}: Socket is not connected: shutdown> (0x00000005c492d0a8) 
thrown [t:\workspace\open\src\hotspot\share\prims\jni.cpp, line 535]
Event: 1131.932 Thread 0x00000237b07f26a0 Exception <a 'java/net/ConnectException'{0x00000005c492e788}: Connection refused: no further information> (0x00000005c492e788) 
thrown [t:\workspace\open\src\hotspot\share\prims\jni.cpp, line 535]
Event: 1131.932 Thread 0x00000237b07f26a0 Exception <a 'java/net/SocketException'{0x00000005c492ed68}: Socket is not connected: shutdown> (0x00000005c492ed68) 
thrown [t:\workspace\open\src\hotspot\share\prims\jni.cpp, line 535]
Event: 1161.847 Thread 0x00000237b07f5b90 Exception <a 'java/net/ConnectException'{0x00000005c4b5f380}: Connection refused: no further information> (0x00000005c4b5f380) 
thrown [t:\workspace\open\src\hotspot\share\prims\jni.cpp, line 535]
Event: 1161.847 Thread 0x00000237b07f5b90 Exception <a 'java/net/SocketException'{0x00000005c4b5f960}: Socket is not connected: shutdown> (0x00000005c4b5f960) 
thrown [t:\workspace\open\src\hotspot\share\prims\jni.cpp, line 535]

VM Operations (20 events):
Event: 952.523 Executing VM operation: Cleanup done
Event: 981.798 Executing VM operation: Cleanup
Event: 981.798 Executing VM operation: Cleanup done
Event: 982.804 Executing VM operation: Cleanup
Event: 982.804 Executing VM operation: Cleanup done
Event: 1012.131 Executing VM operation: Cleanup
Event: 1012.131 Executing VM operation: Cleanup done
Event: 1042.435 Executing VM operation: Cleanup
Event: 1042.436 Executing VM operation: Cleanup done
Event: 1047.485 Executing VM operation: Cleanup
Event: 1047.485 Executing VM operation: Cleanup done
Event: 1071.751 Executing VM operation: Cleanup
Event: 1071.751 Executing VM operation: Cleanup done
Event: 1071.757 Executing VM operation: G1CollectForAllocation
Event: 1071.848 Executing VM operation: G1CollectForAllocation done
Event: 1102.191 Executing VM operation: Cleanup
Event: 1102.191 Executing VM operation: Cleanup done
Event: 1132.524 Executing VM operation: Cleanup
Event: 1132.524 Executing VM operation: Cleanup done
Event: 1161.863 Executing VM operation: Cleanup

Events (20 events):
Event: 106.913 Thread 0x00000237b07f4380 Thread exited: 0x00000237b07f4380
Event: 218.632 loading class jdk/internal/loader/BootLoader$PackageHelper
Event: 218.632 loading class jdk/internal/loader/BootLoader$PackageHelper done
Event: 291.181 loading class java/util/concurrent/locks/ReentrantReadWriteLock$Sync$HoldCounter
Event: 291.181 loading class java/util/concurrent/locks/ReentrantReadWriteLock$Sync$HoldCounter done
Event: 320.327 Thread 0x00000237b07f2b70 Thread added: 0x00000237b07f2b70
Event: 681.372 Thread 0x00000237b5551140 Thread added: 0x00000237b5551140
Event: 687.021 Thread 0x00000237b5551140 Thread exited: 0x00000237b5551140
Event: 981.528 loading class sun/net/ConnectionResetException
Event: 981.528 loading class sun/net/ConnectionResetException done
Event: 981.530 loading class sun/net/util/SocketExceptions
Event: 981.530 loading class sun/net/util/SocketExceptions done
Event: 981.535 loading class java/lang/Throwable$WrappedPrintWriter
Event: 981.535 loading class java/lang/Throwable$PrintStreamOrWriter
Event: 981.535 loading class java/lang/Throwable$PrintStreamOrWriter done
Event: 981.535 loading class java/lang/Throwable$WrappedPrintWriter done
Event: 1071.729 Thread 0x00000237b5552a90 Thread added: 0x00000237b5552a90
Event: 1072.193 Thread 0x00000237b5552a90 Thread exited: 0x00000237b5552a90
Event: 1101.763 Thread 0x00000237b5550210 Thread added: 0x00000237b5550210
Event: 1102.234 Thread 0x00000237b5550210 Thread exited: 0x00000237b5550210


Dynamic libraries:
0x00007ff7854e0000 - 0x00007ff7854f0000 	C:\Program Files\Java\jdk-17\bin\java.exe
0x00007ffc5ab60000 - 0x00007ffc5adc8000 	C:\Windows\SYSTEM32\ntdll.dll
0x00007ffc5a1b0000 - 0x00007ffc5a279000 	C:\Windows\System32\KERNEL32.DLL
0x00007ffc583d0000 - 0x00007ffc587c8000 	C:\Windows\System32\KERNELBASE.dll
0x00007ffc41740000 - 0x00007ffc4175a000 	C:\Program Files\Java\jdk-17\bin\VCRUNTIME140.dll
0x00007ffc57fc0000 - 0x00007ffc5810b000 	C:\Windows\System32\ucrtbase.dll
0x00007ffc41760000 - 0x00007ffc41778000 	C:\Program Files\Java\jdk-17\bin\jli.dll
0x00007ffc58900000 - 0x00007ffc589b4000 	C:\Windows\System32\ADVAPI32.dll
0x00007ffc5a6e0000 - 0x00007ffc5a789000 	C:\Windows\System32\msvcrt.dll
0x00007ffc5a3b0000 - 0x00007ffc5a456000 	C:\Windows\System32\sechost.dll
0x00007ffc5a290000 - 0x00007ffc5a3a8000 	C:\Windows\System32\RPCRT4.dll
0x00007ffc59c20000 - 0x00007ffc59de7000 	C:\Windows\System32\USER32.dll
0x00007ffc57cb0000 - 0x00007ffc57cd7000 	C:\Windows\System32\win32u.dll
0x00007ffc59290000 - 0x00007ffc592bb000 	C:\Windows\System32\GDI32.dll
0x00007ffc587d0000 - 0x00007ffc588fc000 	C:\Windows\System32\gdi32full.dll
0x00007ffc58110000 - 0x00007ffc581b3000 	C:\Windows\System32\msvcp_win.dll
0x00007ffc3df70000 - 0x00007ffc3e204000 	C:\Windows\WinSxS\amd64_microsoft.windows.common-controls_6595b64144ccf1df_6.0.26100.7019_none_3e06ffa0e335b8a8\COMCTL32.dll
0x00007ffc4ec80000 - 0x00007ffc4ec8b000 	C:\Windows\SYSTEM32\VERSION.dll
0x00007ffc59b20000 - 0x00007ffc59b51000 	C:\Windows\System32\IMM32.DLL
0x00007ffc41690000 - 0x00007ffc4169c000 	C:\Program Files\Java\jdk-17\bin\vcruntime140_1.dll
0x00007ffc197c0000 - 0x00007ffc1984d000 	C:\Program Files\Java\jdk-17\bin\msvcp140.dll
0x00007ffbd6d40000 - 0x00007ffbd78fe000 	C:\Program Files\Java\jdk-17\bin\server\jvm.dll
0x00007ffc59e10000 - 0x00007ffc59e18000 	C:\Windows\System32\PSAPI.DLL
0x00007ffc48c50000 - 0x00007ffc48c5a000 	C:\Windows\SYSTEM32\WSOCK32.dll
0x00007ffc5a790000 - 0x00007ffc5a804000 	C:\Windows\System32\WS2_32.dll
0x00007ffc418c0000 - 0x00007ffc418f5000 	C:\Windows\SYSTEM32\WINMM.dll
0x00007ffc56a30000 - 0x00007ffc56a4b000 	C:\Windows\SYSTEM32\kernel.appcore.dll
0x00007ffc41600000 - 0x00007ffc4160a000 	C:\Program Files\Java\jdk-17\bin\jimage.dll
0x00007ffc553a0000 - 0x00007ffc555e2000 	C:\Windows\SYSTEM32\DBGHELP.DLL
0x00007ffc59e20000 - 0x00007ffc5a1ab000 	C:\Windows\System32\combase.dll
0x00007ffc5a460000 - 0x00007ffc5a537000 	C:\Windows\System32\OLEAUT32.dll
0x00007ffc3f350000 - 0x00007ffc3f38c000 	C:\Windows\SYSTEM32\dbgcore.DLL
0x00007ffc57da0000 - 0x00007ffc57e45000 	C:\Windows\System32\bcryptPrimitives.dll
0x00007ffc3a040000 - 0x00007ffc3a065000 	C:\Program Files\Java\jdk-17\bin\java.dll
0x00007ffc18270000 - 0x00007ffc18346000 	C:\Program Files\Java\jdk-17\bin\svml.dll
0x00007ffc589c0000 - 0x00007ffc5910f000 	C:\Windows\System32\SHELL32.dll
0x00007ffc57e50000 - 0x00007ffc57fbb000 	C:\Windows\System32\wintypes.dll
0x00007ffc55890000 - 0x00007ffc560ed000 	C:\Windows\SYSTEM32\windows.storage.dll
0x00007ffc5a5d0000 - 0x00007ffc5a6c2000 	C:\Windows\System32\SHCORE.dll
0x00007ffc599b0000 - 0x00007ffc59a17000 	C:\Windows\System32\shlwapi.dll
0x00007ffc57bd0000 - 0x00007ffc57bf9000 	C:\Windows\SYSTEM32\profapi.dll
0x00007ffc415e0000 - 0x00007ffc415f9000 	C:\Program Files\Java\jdk-17\bin\net.dll
0x00007ffc52000000 - 0x00007ffc52128000 	C:\Windows\SYSTEM32\WINHTTP.dll
0x00007ffc56f80000 - 0x00007ffc56feb000 	C:\Windows\system32\mswsock.dll
0x00007ffc3a6a0000 - 0x00007ffc3a6b5000 	C:\Program Files\Java\jdk-17\bin\nio.dll
0x00007ffc36d50000 - 0x00007ffc36d68000 	C:\Program Files\Java\jdk-17\bin\zip.dll
0x00007ffc40fa0000 - 0x00007ffc40fa9000 	C:\Program Files\Java\jdk-17\bin\management.dll
0x00007ffc40010000 - 0x00007ffc4001b000 	C:\Program Files\Java\jdk-17\bin\management_ext.dll
0x00007ffc564d0000 - 0x00007ffc56504000 	C:\Windows\SYSTEM32\IPHLPAPI.DLL
0x00007ffc59180000 - 0x00007ffc5918a000 	C:\Windows\System32\NSI.dll
0x00007ffc529b0000 - 0x00007ffc529ce000 	C:\Windows\SYSTEM32\dhcpcsvc6.DLL
0x00007ffc52810000 - 0x00007ffc52833000 	C:\Windows\SYSTEM32\dhcpcsvc.DLL
0x00007ffc565b0000 - 0x00007ffc566dc000 	C:\Windows\SYSTEM32\DNSAPI.dll
0x00007ffc51460000 - 0x00007ffc5146b000 	C:\Windows\System32\rasadhlp.dll
0x00007ffc52f50000 - 0x00007ffc52fd6000 	C:\Windows\System32\fwpuclnt.dll
0x00007ffc3ffc0000 - 0x00007ffc3ffce000 	C:\Program Files\Java\jdk-17\bin\sunmscapi.dll
0x00007ffc58250000 - 0x00007ffc583c7000 	C:\Windows\System32\CRYPT32.dll
0x00007ffc574c0000 - 0x00007ffc574f0000 	C:\Windows\SYSTEM32\ncrypt.dll
0x00007ffc57470000 - 0x00007ffc574af000 	C:\Windows\SYSTEM32\NTASN1.dll
0x00007ffc57370000 - 0x00007ffc5738b000 	C:\Windows\SYSTEM32\CRYPTSP.dll
0x00007ffc56990000 - 0x00007ffc569ca000 	C:\Windows\system32\rsaenh.dll
0x00007ffc57030000 - 0x00007ffc5705b000 	C:\Windows\SYSTEM32\USERENV.dll
0x00007ffc57ba0000 - 0x00007ffc57bca000 	C:\Windows\SYSTEM32\bcrypt.dll
0x00007ffc571d0000 - 0x00007ffc571dc000 	C:\Windows\SYSTEM32\CRYPTBASE.dll
0x00007ffc189a0000 - 0x00007ffc189b8000 	C:\Windows\system32\napinsp.dll
0x00007ffc266e0000 - 0x00007ffc266f6000 	C:\Windows\system32\wshbth.dll
0x00007ffc1a290000 - 0x00007ffc1a2b2000 	C:\Windows\system32\nlansp_c.dll
0x00007ffc1a270000 - 0x00007ffc1a282000 	C:\Windows\System32\winrnr.dll
0x00007ffc3cac0000 - 0x00007ffc3cad0000 	C:\Program Files\Java\jdk-17\bin\verify.dll
0x00007ffbf1830000 - 0x00007ffbf1838000 	C:\Windows\system32\wshunix.dll

dbghelp: loaded successfully - version: 4.0.5 - missing functions: none
symbol engine: initialized successfully - sym options: 0x614 - pdb path: .;C:\Program Files\Java\jdk-17\bin;C:\Windows\SYSTEM32;C:\Windows\WinSxS\amd64_microsoft.windows.common-controls_6595b64144ccf1df_6.0.26100.7019_none_3e06ffa0e335b8a8;C:\Program Files\Java\jdk-17\bin\server

VM Arguments:
jvm_args: -XX:+ShowCodeDetailsInExceptionMessages 
java_command: com.manamer.backend.business.sellout.SelloutApplication
java_class_path (initial): D:\PROYECTOS 2025 - 2026 DESARROLLO\sellout1-main\backend\business\sellout\target\classes;C:\Users\Fernanda Jama\.m2\repository\org\springframework\boot\spring-boot-starter\3.2.4\spring-boot-starter-3.2.4.jar;C:\Users\Fernanda Jama\.m2\repository\org\springframework\boot\spring-boot\3.2.4\spring-boot-3.2.4.jar;C:\Users\Fernanda Jama\.m2\repository\org\springframework\boot\spring-boot-autoconfigure\3.2.4\spring-boot-autoconfigure-3.2.4.jar;C:\Users\Fernanda Jama\.m2\repository\org\springframework\boot\spring-boot-starter-logging\3.2.4\spring-boot-starter-logging-3.2.4.jar;C:\Users\Fernanda Jama\.m2\repository\ch\qos\logback\logback-classic\1.4.14\logback-classic-1.4.14.jar;C:\Users\Fernanda Jama\.m2\repository\ch\qos\logback\logback-core\1.4.14\logback-core-1.4.14.jar;C:\Users\Fernanda Jama\.m2\repository\org\apache\logging\log4j\log4j-to-slf4j\2.23.1\log4j-to-slf4j-2.23.1.jar;C:\Users\Fernanda Jama\.m2\repository\org\slf4j\jul-to-slf4j\2.0.12\jul-to-slf4j-2.0.12.jar;C:\Users\Fernanda Jama\.m2\repository\jakarta\annotation\jakarta.annotation-api\2.1.1\jakarta.annotation-api-2.1.1.jar;C:\Users\Fernanda Jama\.m2\repository\org\springframework\spring-core\6.1.11\spring-core-6.1.11.jar;C:\Users\Fernanda Jama\.m2\repository\org\springframework\spring-jcl\6.1.11\spring-jcl-6.1.11.jar;C:\Users\Fernanda Jama\.m2\repository\org\yaml\snakeyaml\2.2\snakeyaml-2.2.jar;C:\Users\Fernanda Jama\.m2\repository\com\microsoft\sqlserver\mssql-jdbc\12.4.2.jre11\mssql-jdbc-12.4.2.jre11.jar;C:\Users\Fernanda Jama\.m2\repository\org\projectlombok\lombok\1.18.28\lombok-1.18.28.jar;C:\Users\Fernanda Jama\.m2\repository\org\springframework\boot\spring-boot-starter-data-jpa\3.2.4\spring-boot-starter-data-jpa-3.2.4.jar;C:\Users\Fernanda Jama\.m2\repository\org\springframework\boot\spring-boot-starter-aop\3.2.4\spring-boot-starter-aop-3.2.4.jar;C:\Users\Fernanda Jama\.m2\repository\org\aspectj\aspectjweaver\1.9.21\aspectjweaver-1.9.21.jar;C:\Users\Fernanda Jama\.m2\rep
Launcher Type: SUN_STANDARD

[Global flags]
     intx CICompilerCount                          = 4                                         {product} {ergonomic}
     uint ConcGCThreads                            = 2                                         {product} {ergonomic}
     uint G1ConcRefinementThreads                  = 8                                         {product} {ergonomic}
   size_t G1HeapRegionSize                         = 8388608                                   {product} {ergonomic}
    uintx GCDrainStackTargetSize                   = 64                                        {product} {ergonomic}
   size_t InitialHeapSize                          = 671088640                                 {product} {ergonomic}
   size_t MarkStackSize                            = 4194304                                   {product} {ergonomic}
   size_t MaxHeapSize                              = 10687086592                               {product} {ergonomic}
   size_t MaxNewSize                               = 6408896512                                {product} {ergonomic}
   size_t MinHeapDeltaBytes                        = 8388608                                   {product} {ergonomic}
   size_t MinHeapSize                              = 8388608                                   {product} {ergonomic}
    uintx NonNMethodCodeHeapSize                   = 5839372                                {pd product} {ergonomic}
    uintx NonProfiledCodeHeapSize                  = 122909434                              {pd product} {ergonomic}
    uintx ProfiledCodeHeapSize                     = 122909434                              {pd product} {ergonomic}
    uintx ReservedCodeCacheSize                    = 251658240                              {pd product} {ergonomic}
     bool SegmentedCodeCache                       = true                                      {product} {ergonomic}
     bool ShowCodeDetailsInExceptionMessages       = true                                   {manageable} {command line}
   size_t SoftMaxHeapSize                          = 10687086592                            {manageable} {ergonomic}
     bool UseCompressedClassPointers               = true                           {product lp64_product} {ergonomic}
     bool UseCompressedOops                        = true                           {product lp64_product} {ergonomic}
     bool UseG1GC                                  = true                                      {product} {ergonomic}
     bool UseLargePagesIndividualAllocation        = false                                  {pd product} {ergonomic}

Logging:
Log output configuration:
 #0: stdout all=warning uptime,level,tags
 #1: stderr all=off uptime,level,tags

Environment Variables:
JAVA_HOME=C:\\Program Files\\Java\\jdk-17
PATH=C:\\Program Files\\Java\\jdk-17\\bin;C:\\Users\\Fernanda Jama\\.trae\\tools\\maven\\latest\\bin;C:\\Users\\Fernanda Jama\\.trae\\tools\\gradle\\latest\\bin;C:\Program Files\Java\jdk-17\bin;C:\Users\Fernanda Jama\.trae\tools\maven\latest\bin;C:\Users\Fernanda Jama\.trae\tools\gradle\latest\bin;C:\Program Files\Common Files\Oracle\Java\javapath;$env:JAVA_HOME\bin;$env:PATH;C:\Program Files\Java\jdk-17\bin;C:\Users\Fernanda Jama\AppData\Local\nvm;C:\nvm4w\nodejs;C:\Program Files\nodejs\;C:\Program Files\Docker\Docker\resources\bin;C:\Program Files\Eclipse Adoptium\jdk-17\bin;C:\Program Files\Eclipse Adoptium\jdk-17\bin;$env:JAVA_HOME\bin;$env:PATH;C:\Users\Fernanda Jama\AppData\Local\Programs\Python\Python311\Scripts\;C:\Users\Fernanda Jama\AppData\Local\Programs\Python\Python311\;C:\Users\Fernanda Jama\AppData\Local\Microsoft\WindowsApps;C:\Users\Fernanda Jama\AppData\Local\Programs\Microsoft VS Code\bin;C:\Users\Fernanda Jama\AppData\Local\GitHubDesktop\bin;C:\apache-maven-3.9.11\bin;C:\Program Files\JetBrains\IntelliJ IDEA Community Edition 2025.2.2\bin;C:\Users\Fernanda Jama\AppData\Local\nvm;C:\nvm4w\nodejs;C:\Users\Fernanda Jama\AppData\Roaming\npm;c:\Users\Fernanda Jama\.trae\extensions\vscjava.vscode-java-debug-0.58.3-universal\bundled\scripts\noConfigScripts
USERNAME=Fernanda Jama
LANG=en_US.UTF-8
OS=Windows_NT
PROCESSOR_IDENTIFIER=Intel64 Family 6 Model 140 Stepping 1, GenuineIntel



---------------  S Y S T E M  ---------------

OS:
 Windows 10 , 64 bit Build 26100 (10.0.26100.7019)
OS uptime: 0 days 5:17 hours
Hyper-V role detected

CPU: total 8 (initial active 8) (4 cores per cpu, 2 threads per core) family 6 model 140 stepping 1 microcode 0xb8, cx8, cmov, fxsr, ht, mmx, 3dnowpref, sse, sse2, sse3, ssse3, sse4.1, sse4.2, popcnt, lzcnt, tsc, tscinvbit, avx, avx2, aes, erms, clmul, bmi1, bmi2, adx, avx512f, avx512dq, avx512cd, avx512bw, avx512vl, sha, fma, vzeroupper, avx512_vpopcntdq, avx512_vpclmulqdq, avx512_vaes, avx512_vnni, clflush, clflushopt, clwb, avx512_vbmi2, avx512_vbmi, hv

Memory: 4k page, system-wide physical 40743M (249M free)
TotalPageFile size 101623M (AvailPageFile size 0M)
current process WorkingSet (physical memory assigned to process): 924M, peak: 1144M
current process commit charge ("private bytes"): 1385M, peak: 1435M

vm_info: Java HotSpot(TM) 64-Bit Server VM (17+35-LTS-2724) for windows-amd64 JRE (17+35-LTS-2724), built on Aug  5 2021 23:28:28 by "mach5one" with MS VC++ 16.8 (VS2019)

END.
